Base path: 'C:/Program Files/Unity/Hub/Editor/2019.3.0f5/Editor/Data', plugins path 'C:/Program Files/Unity/Hub/Editor/2019.3.0f5/Editor/Data/PlaybackEngines'
Cmd: initializeCompiler
Cmd: preprocess
  insize=771 outsize=196 ok=1
Cmd: preprocess
  insize=771 outsize=196 ok=1
Cmd: preprocess
  insize=771 outsize=196 ok=1
Cmd: preprocess
  insize=771 outsize=196 ok=1
Cmd: preprocess
  insize=771 outsize=196 ok=1
Cmd: preprocess
  insize=771 outsize=196 ok=1
Cmd: preprocess
  insize=771 outsize=196 ok=1
Cmd: preprocess
  insize=771 outsize=196 ok=1
Cmd: preprocess
  insize=771 outsize=196 ok=1
Cmd: preprocess
  insize=771 outsize=196 ok=1
Cmd: preprocess
  insize=771 outsize=196 ok=1
Cmd: preprocess
  insize=771 outsize=196 ok=1
Cmd: preprocess
  insize=771 outsize=196 ok=1
Cmd: preprocess
  insize=771 outsize=196 ok=1
Cmd: preprocess
  insize=771 outsize=196 ok=1
Cmd: preprocess
  insize=771 outsize=196 ok=1
Cmd: preprocess
  insize=771 outsize=196 ok=1
Cmd: preprocess
  insize=771 outsize=196 ok=1
Cmd: preprocess
  insize=771 outsize=196 ok=1
Cmd: preprocess
  insize=771 outsize=196 ok=1
Cmd: preprocess
  insize=771 outsize=196 ok=1
Cmd: preprocess
  insize=771 outsize=196 ok=1
Cmd: preprocess
  insize=771 outsize=196 ok=1
Cmd: preprocess
  insize=771 outsize=196 ok=1
Cmd: preprocess
  insize=771 outsize=196 ok=1
Cmd: preprocess
  insize=771 outsize=196 ok=1
Cmd: preprocess
  insize=771 outsize=196 ok=1
Cmd: preprocess
  insize=771 outsize=196 ok=1
Cmd: preprocess
  insize=771 outsize=196 ok=1
Cmd: preprocess
  insize=771 outsize=196 ok=1
Cmd: preprocess
  insize=771 outsize=196 ok=1
Cmd: preprocess
  insize=771 outsize=196 ok=1
Cmd: preprocess
  insize=771 outsize=196 ok=1
Cmd: preprocess
  insize=771 outsize=196 ok=1
Cmd: preprocess
  insize=771 outsize=196 ok=1
Cmd: preprocess
  insize=771 outsize=196 ok=1
Cmd: preprocess
  insize=771 outsize=196 ok=1
Cmd: preprocess
  insize=771 outsize=196 ok=1
Cmd: preprocess
  insize=771 outsize=196 ok=1
Cmd: preprocess
  insize=771 outsize=196 ok=1
Cmd: preprocess
  insize=771 outsize=196 ok=1
Cmd: preprocess
  insize=771 outsize=196 ok=1
Cmd: preprocess
  insize=771 outsize=196 ok=1
Cmd: preprocess
  insize=771 outsize=196 ok=1
Cmd: preprocess
  insize=771 outsize=196 ok=1
Cmd: preprocess
  insize=771 outsize=196 ok=1
Cmd: preprocess
  insize=771 outsize=196 ok=1
Cmd: preprocess
  insize=771 outsize=196 ok=1
Cmd: preprocess
  insize=771 outsize=196 ok=1
Cmd: preprocess
  insize=771 outsize=196 ok=1
Cmd: preprocess
  insize=771 outsize=196 ok=1
Cmd: preprocess
  insize=771 outsize=196 ok=1
Cmd: preprocess
  insize=771 outsize=196 ok=1
Cmd: preprocess
  insize=771 outsize=196 ok=1
Cmd: preprocess
  insize=771 outsize=196 ok=1
Cmd: preprocess
  insize=771 outsize=196 ok=1
Cmd: preprocess
  insize=771 outsize=196 ok=1
Cmd: preprocess
  insize=771 outsize=196 ok=1
Cmd: preprocess
  insize=771 outsize=196 ok=1
Cmd: preprocess
  insize=771 outsize=196 ok=1
Cmd: preprocess
  insize=771 outsize=196 ok=1
Cmd: preprocess
  insize=771 outsize=196 ok=1
Cmd: preprocess
  insize=771 outsize=196 ok=1
Cmd: preprocess
  insize=771 outsize=196 ok=1
Cmd: preprocess
  insize=771 outsize=196 ok=1
Cmd: preprocess
  insize=771 outsize=196 ok=1
Cmd: preprocess
  insize=771 outsize=196 ok=1
Cmd: preprocess
  insize=771 outsize=196 ok=1
Cmd: preprocess
  insize=771 outsize=196 ok=1
Cmd: preprocess
  insize=771 outsize=196 ok=1
Cmd: preprocess
  insize=771 outsize=196 ok=1
Cmd: preprocess
  insize=771 outsize=196 ok=1
Cmd: preprocess
  insize=771 outsize=196 ok=1
Cmd: preprocess
  insize=771 outsize=196 ok=1
Cmd: preprocess
  insize=771 outsize=196 ok=1
Cmd: preprocess
  insize=771 outsize=196 ok=1
Cmd: preprocess
  insize=771 outsize=196 ok=1
Cmd: preprocess
  insize=771 outsize=196 ok=1
Cmd: preprocess
  insize=771 outsize=196 ok=1
Cmd: preprocess
  insize=771 outsize=196 ok=1
Cmd: preprocess
  insize=771 outsize=196 ok=1
Cmd: preprocess
  insize=771 outsize=196 ok=1
Cmd: preprocess
  insize=771 outsize=196 ok=1
Cmd: preprocess
  insize=771 outsize=196 ok=1
Cmd: preprocess
  insize=771 outsize=196 ok=1
Cmd: preprocess
  insize=771 outsize=196 ok=1
Cmd: preprocess
  insize=771 outsize=196 ok=1
Cmd: preprocess
  insize=771 outsize=196 ok=1
Cmd: preprocess
  insize=771 outsize=196 ok=1
Cmd: preprocess
  insize=771 outsize=196 ok=1
Cmd: preprocess
  insize=771 outsize=196 ok=1
Cmd: preprocess
  insize=771 outsize=196 ok=1
Cmd: preprocess
  insize=771 outsize=196 ok=1
Cmd: preprocess
  insize=771 outsize=196 ok=1
Cmd: preprocess
  insize=771 outsize=196 ok=1
Cmd: preprocess
  insize=771 outsize=196 ok=1
Cmd: preprocess
  insize=771 outsize=196 ok=1
Cmd: preprocess
  insize=771 outsize=196 ok=1
Cmd: preprocess
  insize=771 outsize=196 ok=1
Cmd: preprocess
  insize=771 outsize=196 ok=1
Cmd: preprocess
  insize=771 outsize=196 ok=1
Cmd: preprocess
  insize=771 outsize=196 ok=1
Cmd: preprocess
  insize=771 outsize=196 ok=1
Cmd: preprocess
  insize=771 outsize=196 ok=1
Cmd: preprocess
  insize=771 outsize=196 ok=1
Cmd: preprocess
  insize=771 outsize=196 ok=1
Cmd: preprocess
  insize=771 outsize=196 ok=1
Cmd: preprocess
  insize=771 outsize=196 ok=1
Cmd: preprocess
  insize=771 outsize=196 ok=1
Cmd: preprocess
  insize=771 outsize=196 ok=1
Cmd: preprocess
  insize=771 outsize=196 ok=1
Cmd: preprocess
  insize=771 outsize=196 ok=1
Cmd: preprocess
  insize=771 outsize=196 ok=1
Cmd: preprocess
  insize=771 outsize=196 ok=1
Cmd: preprocess
  insize=771 outsize=196 ok=1
Cmd: preprocess
  insize=771 outsize=196 ok=1
Cmd: preprocess
  insize=771 outsize=196 ok=1
Cmd: preprocess
  insize=771 outsize=196 ok=1
Cmd: preprocess
  insize=771 outsize=196 ok=1
Cmd: preprocess
  insize=771 outsize=196 ok=1
Cmd: preprocess
  insize=771 outsize=196 ok=1
Cmd: preprocess
  insize=771 outsize=196 ok=1
Cmd: preprocess
  insize=771 outsize=196 ok=1
Cmd: preprocess
  insize=771 outsize=196 ok=1
Cmd: preprocess
  insize=16954 outsize=775 ok=1
Cmd: preprocess
  insize=8873 outsize=776 ok=1
Cmd: preprocess
  insize=8365 outsize=775 ok=1
Cmd: preprocess
  insize=31545 outsize=989 ok=1
Cmd: preprocess
  insize=18168 outsize=779 ok=1
Cmd: preprocess
  insize=18486 outsize=774 ok=1
Cmd: preprocess
  insize=13034 outsize=878 ok=1
Cmd: preprocess
  insize=16666 outsize=771 ok=1
Cmd: preprocess
  insize=15445 outsize=772 ok=1
Cmd: preprocess
  insize=16315 outsize=773 ok=1
Cmd: preprocess
  insize=14827 outsize=770 ok=1
Cmd: preprocess
  insize=12587 outsize=770 ok=1
Cmd: preprocess
  insize=8332 outsize=770 ok=1
Cmd: preprocess
  insize=8693 outsize=770 ok=1
Cmd: preprocess
  insize=3830 outsize=773 ok=1
Cmd: preprocess
  insize=4530 outsize=772 ok=1
Cmd: preprocess
  insize=6568 outsize=774 ok=1
Cmd: preprocess
  insize=3830 outsize=774 ok=1
Cmd: preprocess
  insize=4535 outsize=772 ok=1
Cmd: preprocess
  insize=6359 outsize=774 ok=1
Cmd: preprocess
  insize=3830 outsize=773 ok=1
Cmd: preprocess
  insize=4535 outsize=772 ok=1
Cmd: preprocess
  insize=6433 outsize=775 ok=1
Cmd: preprocess
  insize=3830 outsize=774 ok=1
Cmd: preprocess
  insize=4535 outsize=772 ok=1
Cmd: preprocess
  insize=3830 outsize=774 ok=1
Cmd: preprocess
  insize=4535 outsize=772 ok=1
Cmd: preprocess
  insize=6506 outsize=775 ok=1
Cmd: preprocess
  insize=6582 outsize=775 ok=1
Cmd: preprocess
  insize=5472 outsize=775 ok=1
Cmd: preprocess
  insize=5111 outsize=775 ok=1
Cmd: preprocess
  insize=28908 outsize=989 ok=1
Cmd: preprocess
  insize=9593 outsize=779 ok=1
Cmd: preprocess
  insize=3963 outsize=771 ok=1
Cmd: preprocess
  insize=5206 outsize=777 ok=1
Cmd: preprocess
  insize=3963 outsize=771 ok=1
Cmd: preprocess
  insize=5054 outsize=773 ok=1
Cmd: preprocess
  insize=3963 outsize=771 ok=1
Cmd: preprocess
  insize=4980 outsize=774 ok=1
Cmd: preprocess
  insize=3963 outsize=771 ok=1
Cmd: preprocess
  insize=4363 outsize=771 ok=1
Cmd: preprocess
  insize=4487 outsize=778 ok=1
Cmd: preprocess
  insize=3963 outsize=770 ok=1
Cmd: preprocess
  insize=5194 outsize=774 ok=1
Cmd: preprocess
  insize=3963 outsize=771 ok=1
Cmd: preprocess
  insize=15137 outsize=772 ok=1
Cmd: preprocess
  insize=8179 outsize=772 ok=1
Cmd: preprocess
  insize=5120 outsize=772 ok=1
Cmd: preprocess
  insize=4759 outsize=771 ok=1
Cmd: preprocess
  insize=4121 outsize=773 ok=1
Cmd: preprocess
  insize=4487 outsize=778 ok=1
Cmd: preprocess
  insize=5472 outsize=775 ok=1
Cmd: preprocess
  insize=4765 outsize=769 ok=1
Cmd: preprocess
  insize=4404 outsize=769 ok=1
Cmd: preprocess
  insize=5111 outsize=775 ok=1
Cmd: preprocess
  insize=4404 outsize=769 ok=1
Cmd: preprocess
  insize=5111 outsize=775 ok=1
Cmd: preprocess
  insize=4765 outsize=769 ok=1
Cmd: preprocess
  insize=5472 outsize=775 ok=1
Cmd: preprocess
  insize=59838 outsize=2311 ok=1
Cmd: preprocess
  insize=5111 outsize=775 ok=1
Cmd: preprocess
  insize=5472 outsize=775 ok=1
Cmd: preprocess
  insize=4759 outsize=771 ok=1
Cmd: preprocess
  insize=6186 outsize=775 ok=1
Cmd: preprocess
  insize=6186 outsize=775 ok=1
Cmd: preprocess
  insize=7956 outsize=775 ok=1
Cmd: preprocess
  insize=8179 outsize=772 ok=1
Cmd: preprocess
  insize=9911 outsize=775 ok=1
Cmd: preprocess
  insize=5120 outsize=772 ok=1
Cmd: preprocess
  insize=7956 outsize=775 ok=1
Cmd: preprocess
  insize=6186 outsize=775 ok=1
Cmd: preprocess
  insize=6186 outsize=775 ok=1
Cmd: preprocess
  insize=24754 outsize=879 ok=1
Cmd: preprocess
  insize=4214 outsize=771 ok=1
Cmd: preprocess
  insize=5124 outsize=770 ok=1
Cmd: preprocess
  insize=25607 outsize=1001 ok=1
Cmd: preprocess
  insize=4121 outsize=773 ok=1
Cmd: preprocess
  insize=3674 outsize=767 ok=1
Cmd: preprocess
  insize=17446 outsize=774 ok=1
Cmd: preprocess
  insize=6889 outsize=889 ok=1
Cmd: preprocess
  insize=3677 outsize=767 ok=1
Cmd: preprocess
  insize=7227 outsize=880 ok=1
Cmd: preprocess
  insize=13262 outsize=880 ok=1
Cmd: preprocess
  insize=8593 outsize=883 ok=1
Cmd: preprocess
  insize=4527 outsize=771 ok=1
Cmd: preprocess
  insize=3830 outsize=774 ok=1
Cmd: preprocess
  insize=52035 outsize=2320 ok=1
Cmd: preprocess
  insize=52035 outsize=2320 ok=1

Quitting shader compiler process
